<?xml version="1.0" encoding="UTF-8"?>
<robot generator="Robot 6.1.1 (Python 3.10.12 on linux)" generated="20241118 23:17:26.947" rpa="false" schemaversion="4">
<suite id="s1" name="Tests" source="/home/hannolan/Documents/koulu/ohtu/palautusrepositorio/viikko3/web-login/src/tests">
<suite id="s1-s1" name="Home" source="/home/hannolan/Documents/koulu/ohtu/palautusrepositorio/viikko3/web-login/src/tests/home.robot">
<kw name="Open And Configure Browser" library="resource" type="SETUP">
<if>
<branch type="IF" condition="$BROWSER == 'chrome'">
<kw name="Evaluate" library="BuiltIn">
<var>${options}</var>
<arg>sys.modules['selenium.webdriver'].ChromeOptions()</arg>
<arg>sys</arg>
<doc>Evaluates the given expression in Python and returns the result.</doc>
<msg timestamp="20241118 23:17:27.207" level="INFO">${options} = &lt;selenium.webdriver.chrome.options.Options object at 0x75fa74e3f5b0&gt;</msg>
<status status="PASS" starttime="20241118 23:17:27.207" endtime="20241118 23:17:27.207"/>
</kw>
<status status="PASS" starttime="20241118 23:17:27.191" endtime="20241118 23:17:27.207"/>
</branch>
<branch type="ELSE IF" condition="$BROWSER == 'firefox'">
<kw name="Evaluate" library="BuiltIn">
<var>${options}</var>
<arg>sys.modules['selenium.webdriver'].FirefoxOptions()</arg>
<arg>sys</arg>
<doc>Evaluates the given expression in Python and returns the result.</doc>
<status status="NOT RUN" starttime="20241118 23:17:27.207" endtime="20241118 23:17:27.207"/>
</kw>
<status status="NOT RUN" starttime="20241118 23:17:27.207" endtime="20241118 23:17:27.207"/>
</branch>
<status status="PASS" starttime="20241118 23:17:27.191" endtime="20241118 23:17:27.207"/>
</if>
<if>
<branch type="IF" condition="$HEADLESS == 'true'">
<kw name="Set Selenium Speed" library="SeleniumLibrary">
<arg>0</arg>
<doc>Sets the delay that is waited after each Selenium command.</doc>
<status status="NOT RUN" starttime="20241118 23:17:27.208" endtime="20241118 23:17:27.208"/>
</kw>
<kw name="Call Method" library="BuiltIn">
<arg>${options}</arg>
<arg>add_argument</arg>
<arg>--headless</arg>
<doc>Calls the named method of the given object with the provided arguments.</doc>
<status status="NOT RUN" starttime="20241118 23:17:27.208" endtime="20241118 23:17:27.208"/>
</kw>
<status status="NOT RUN" starttime="20241118 23:17:27.207" endtime="20241118 23:17:27.208"/>
</branch>
<branch type="ELSE">
<kw name="Set Selenium Speed" library="SeleniumLibrary">
<arg>${DELAY}</arg>
<doc>Sets the delay that is waited after each Selenium command.</doc>
<status status="PASS" starttime="20241118 23:17:27.208" endtime="20241118 23:17:27.208"/>
</kw>
<status status="PASS" starttime="20241118 23:17:27.208" endtime="20241118 23:17:27.208"/>
</branch>
<status status="PASS" starttime="20241118 23:17:27.207" endtime="20241118 23:17:27.208"/>
</if>
<kw name="Open Browser" library="SeleniumLibrary">
<arg>browser=${BROWSER}</arg>
<arg>options=${options}</arg>
<doc>Opens a new browser instance to the optional ``url``.</doc>
<msg timestamp="20241118 23:17:27.209" level="INFO">Opening browser 'chrome' to base url 'None'.</msg>
<status status="PASS" starttime="20241118 23:17:27.208" endtime="20241118 23:17:28.033"/>
</kw>
<status status="PASS" starttime="20241118 23:17:27.190" endtime="20241118 23:17:28.033"/>
</kw>
<test id="s1-s1-t1" name="Click Login Link" line="8">
<kw name="Reset Application And Go To Starting Page" type="SETUP">
<kw name="Reset Application" library="AppLibrary">
<status status="PASS" starttime="20241118 23:17:28.034" endtime="20241118 23:17:28.038"/>
</kw>
<kw name="Go To Starting Page">
<kw name="Go To" library="SeleniumLibrary">
<arg>${HOME_URL}</arg>
<doc>Navigates the current browser window to the provided ``url``.</doc>
<msg timestamp="20241118 23:17:28.039" level="INFO">Opening url 'http://localhost:5001'</msg>
<status status="PASS" starttime="20241118 23:17:28.039" endtime="20241118 23:17:28.626"/>
</kw>
<status status="PASS" starttime="20241118 23:17:28.038" endtime="20241118 23:17:28.626"/>
</kw>
<status status="PASS" starttime="20241118 23:17:28.034" endtime="20241118 23:17:28.627"/>
</kw>
<kw name="Click Link" library="SeleniumLibrary">
<arg>Login</arg>
<doc>Clicks a link identified by ``locator``.</doc>
<msg timestamp="20241118 23:17:28.629" level="INFO">Clicking link 'Login'.</msg>
<status status="PASS" starttime="20241118 23:17:28.627" endtime="20241118 23:17:30.310"/>
</kw>
<kw name="Login Page Should Be Open" library="resource">
<kw name="Title Should Be" library="SeleniumLibrary">
<arg>Login</arg>
<doc>Verifies that the current page title equals ``title``.</doc>
<msg timestamp="20241118 23:17:30.827" level="INFO">Page title is 'Login'.</msg>
<status status="PASS" starttime="20241118 23:17:30.313" endtime="20241118 23:17:30.827"/>
</kw>
<status status="PASS" starttime="20241118 23:17:30.312" endtime="20241118 23:17:30.828"/>
</kw>
<status status="PASS" starttime="20241118 23:17:28.033" endtime="20241118 23:17:30.829"/>
</test>
<test id="s1-s1-t2" name="Click Register Link" line="12">
<kw name="Reset Application And Go To Starting Page" type="SETUP">
<kw name="Reset Application" library="AppLibrary">
<status status="PASS" starttime="20241118 23:17:30.832" endtime="20241118 23:17:30.837"/>
</kw>
<kw name="Go To Starting Page">
<kw name="Go To" library="SeleniumLibrary">
<arg>${HOME_URL}</arg>
<doc>Navigates the current browser window to the provided ``url``.</doc>
<msg timestamp="20241118 23:17:30.838" level="INFO">Opening url 'http://localhost:5001'</msg>
<status status="PASS" starttime="20241118 23:17:30.837" endtime="20241118 23:17:31.386"/>
</kw>
<status status="PASS" starttime="20241118 23:17:30.837" endtime="20241118 23:17:31.387"/>
</kw>
<status status="PASS" starttime="20241118 23:17:30.831" endtime="20241118 23:17:31.387"/>
</kw>
<kw name="Click Link" library="SeleniumLibrary">
<arg>Register new user</arg>
<doc>Clicks a link identified by ``locator``.</doc>
<msg timestamp="20241118 23:17:31.389" level="INFO">Clicking link 'Register new user'.</msg>
<status status="PASS" starttime="20241118 23:17:31.388" endtime="20241118 23:17:33.033"/>
</kw>
<kw name="Register Page Should Be Open">
<kw name="Title Should Be" library="SeleniumLibrary">
<arg>Register</arg>
<doc>Verifies that the current page title equals ``title``.</doc>
<msg timestamp="20241118 23:17:33.548" level="INFO">Page title is 'Register'.</msg>
<status status="PASS" starttime="20241118 23:17:33.035" endtime="20241118 23:17:33.548"/>
</kw>
<status status="PASS" starttime="20241118 23:17:33.034" endtime="20241118 23:17:33.548"/>
</kw>
<status status="PASS" starttime="20241118 23:17:30.830" endtime="20241118 23:17:33.549"/>
</test>
<kw name="Close Browser" library="SeleniumLibrary" type="TEARDOWN">
<doc>Closes the current browser.</doc>
<status status="PASS" starttime="20241118 23:17:33.550" endtime="20241118 23:17:34.114"/>
</kw>
<status status="PASS" starttime="20241118 23:17:26.964" endtime="20241118 23:17:34.114"/>
</suite>
<suite id="s1-s2" name="Login" source="/home/hannolan/Documents/koulu/ohtu/palautusrepositorio/viikko3/web-login/src/tests/login.robot">
<kw name="Open And Configure Browser" library="resource" type="SETUP">
<if>
<branch type="IF" condition="$BROWSER == 'chrome'">
<kw name="Evaluate" library="BuiltIn">
<var>${options}</var>
<arg>sys.modules['selenium.webdriver'].ChromeOptions()</arg>
<arg>sys</arg>
<doc>Evaluates the given expression in Python and returns the result.</doc>
<msg timestamp="20241118 23:17:34.125" level="INFO">${options} = &lt;selenium.webdriver.chrome.options.Options object at 0x75fa74ce93c0&gt;</msg>
<status status="PASS" starttime="20241118 23:17:34.125" endtime="20241118 23:17:34.125"/>
</kw>
<status status="PASS" starttime="20241118 23:17:34.124" endtime="20241118 23:17:34.125"/>
</branch>
<branch type="ELSE IF" condition="$BROWSER == 'firefox'">
<kw name="Evaluate" library="BuiltIn">
<var>${options}</var>
<arg>sys.modules['selenium.webdriver'].FirefoxOptions()</arg>
<arg>sys</arg>
<doc>Evaluates the given expression in Python and returns the result.</doc>
<status status="NOT RUN" starttime="20241118 23:17:34.125" endtime="20241118 23:17:34.125"/>
</kw>
<status status="NOT RUN" starttime="20241118 23:17:34.125" endtime="20241118 23:17:34.125"/>
</branch>
<status status="PASS" starttime="20241118 23:17:34.124" endtime="20241118 23:17:34.126"/>
</if>
<if>
<branch type="IF" condition="$HEADLESS == 'true'">
<kw name="Set Selenium Speed" library="SeleniumLibrary">
<arg>0</arg>
<doc>Sets the delay that is waited after each Selenium command.</doc>
<status status="NOT RUN" starttime="20241118 23:17:34.126" endtime="20241118 23:17:34.126"/>
</kw>
<kw name="Call Method" library="BuiltIn">
<arg>${options}</arg>
<arg>add_argument</arg>
<arg>--headless</arg>
<doc>Calls the named method of the given object with the provided arguments.</doc>
<status status="NOT RUN" starttime="20241118 23:17:34.126" endtime="20241118 23:17:34.126"/>
</kw>
<status status="NOT RUN" starttime="20241118 23:17:34.126" endtime="20241118 23:17:34.126"/>
</branch>
<branch type="ELSE">
<kw name="Set Selenium Speed" library="SeleniumLibrary">
<arg>${DELAY}</arg>
<doc>Sets the delay that is waited after each Selenium command.</doc>
<status status="PASS" starttime="20241118 23:17:34.126" endtime="20241118 23:17:34.127"/>
</kw>
<status status="PASS" starttime="20241118 23:17:34.126" endtime="20241118 23:17:34.127"/>
</branch>
<status status="PASS" starttime="20241118 23:17:34.126" endtime="20241118 23:17:34.127"/>
</if>
<kw name="Open Browser" library="SeleniumLibrary">
<arg>browser=${BROWSER}</arg>
<arg>options=${options}</arg>
<doc>Opens a new browser instance to the optional ``url``.</doc>
<msg timestamp="20241118 23:17:34.128" level="INFO">Opening browser 'chrome' to base url 'None'.</msg>
<status status="PASS" starttime="20241118 23:17:34.127" endtime="20241118 23:17:34.888"/>
</kw>
<status status="PASS" starttime="20241118 23:17:34.124" endtime="20241118 23:17:34.888"/>
</kw>
<test id="s1-s2-t1" name="Login With Correct Credentials" line="8">
<kw name="Reset Application Create User And Go To Login Page" type="SETUP">
<kw name="Reset Application" library="AppLibrary">
<status status="PASS" starttime="20241118 23:17:34.889" endtime="20241118 23:17:34.893"/>
</kw>
<kw name="Create User" library="AppLibrary">
<arg>kalle</arg>
<arg>kalle123</arg>
<status status="PASS" starttime="20241118 23:17:34.893" endtime="20241118 23:17:34.909"/>
</kw>
<kw name="Go To Login Page" library="resource">
<kw name="Go To" library="SeleniumLibrary">
<arg>${LOGIN_URL}</arg>
<doc>Navigates the current browser window to the provided ``url``.</doc>
<msg timestamp="20241118 23:17:34.911" level="INFO">Opening url 'http://localhost:5001/login'</msg>
<status status="PASS" starttime="20241118 23:17:34.910" endtime="20241118 23:17:35.493"/>
</kw>
<status status="PASS" starttime="20241118 23:17:34.910" endtime="20241118 23:17:35.493"/>
</kw>
<status status="PASS" starttime="20241118 23:17:34.889" endtime="20241118 23:17:35.493"/>
</kw>
<kw name="Set Username">
<arg>kalle</arg>
<kw name="Input Text" library="SeleniumLibrary">
<arg>username</arg>
<arg>${username}</arg>
<doc>Types the given ``text`` into the text field identified by ``locator``.</doc>
<msg timestamp="20241118 23:17:35.497" level="INFO">Typing text 'kalle' into text field 'username'.</msg>
<status status="PASS" starttime="20241118 23:17:35.495" endtime="20241118 23:17:37.160"/>
</kw>
<status status="PASS" starttime="20241118 23:17:35.494" endtime="20241118 23:17:37.161"/>
</kw>
<kw name="Set Password">
<arg>kalle123</arg>
<kw name="Input Password" library="SeleniumLibrary">
<arg>password</arg>
<arg>${password}</arg>
<doc>Types the given password into the text field identified by ``locator``.</doc>
<msg timestamp="20241118 23:17:37.164" level="INFO">Typing password into text field 'password'.</msg>
<msg timestamp="20241118 23:17:38.226" level="INFO">Temporally setting log level to: NONE</msg>
<msg timestamp="20241118 23:17:38.804" level="INFO">Log level changed from NONE to INFO.</msg>
<status status="PASS" starttime="20241118 23:17:37.163" endtime="20241118 23:17:38.804"/>
</kw>
<status status="PASS" starttime="20241118 23:17:37.161" endtime="20241118 23:17:38.805"/>
</kw>
<kw name="Submit Credentials">
<kw name="Click Button" library="SeleniumLibrary">
<arg>Login</arg>
<doc>Clicks the button identified by ``locator``.</doc>
<msg timestamp="20241118 23:17:38.808" level="INFO">Clicking button 'Login'.</msg>
<status status="PASS" starttime="20241118 23:17:38.806" endtime="20241118 23:17:40.986"/>
</kw>
<status status="PASS" starttime="20241118 23:17:38.805" endtime="20241118 23:17:40.986"/>
</kw>
<kw name="Login Should Succeed">
<kw name="Main Page Should Be Open" library="resource">
<kw name="Title Should Be" library="SeleniumLibrary">
<arg>Ohtu Application main page</arg>
<doc>Verifies that the current page title equals ``title``.</doc>
<msg timestamp="20241118 23:17:41.501" level="INFO">Page title is 'Ohtu Application main page'.</msg>
<status status="PASS" starttime="20241118 23:17:40.989" endtime="20241118 23:17:41.501"/>
</kw>
<status status="PASS" starttime="20241118 23:17:40.988" endtime="20241118 23:17:41.502"/>
</kw>
<status status="PASS" starttime="20241118 23:17:40.987" endtime="20241118 23:17:41.502"/>
</kw>
<status status="PASS" starttime="20241118 23:17:34.888" endtime="20241118 23:17:41.503"/>
</test>
<test id="s1-s2-t2" name="Login With Incorrect Password" line="14">
<kw name="Reset Application Create User And Go To Login Page" type="SETUP">
<kw name="Reset Application" library="AppLibrary">
<status status="PASS" starttime="20241118 23:17:41.506" endtime="20241118 23:17:41.513"/>
</kw>
<kw name="Create User" library="AppLibrary">
<arg>kalle</arg>
<arg>kalle123</arg>
<status status="PASS" starttime="20241118 23:17:41.513" endtime="20241118 23:17:41.527"/>
</kw>
<kw name="Go To Login Page" library="resource">
<kw name="Go To" library="SeleniumLibrary">
<arg>${LOGIN_URL}</arg>
<doc>Navigates the current browser window to the provided ``url``.</doc>
<msg timestamp="20241118 23:17:41.529" level="INFO">Opening url 'http://localhost:5001/login'</msg>
<status status="PASS" starttime="20241118 23:17:41.528" endtime="20241118 23:17:42.075"/>
</kw>
<status status="PASS" starttime="20241118 23:17:41.528" endtime="20241118 23:17:42.075"/>
</kw>
<status status="PASS" starttime="20241118 23:17:41.506" endtime="20241118 23:17:42.075"/>
</kw>
<kw name="Set Username">
<arg>kalle</arg>
<kw name="Input Text" library="SeleniumLibrary">
<arg>username</arg>
<arg>${username}</arg>
<doc>Types the given ``text`` into the text field identified by ``locator``.</doc>
<msg timestamp="20241118 23:17:42.077" level="INFO">Typing text 'kalle' into text field 'username'.</msg>
<status status="PASS" starttime="20241118 23:17:42.077" endtime="20241118 23:17:43.707"/>
</kw>
<status status="PASS" starttime="20241118 23:17:42.076" endtime="20241118 23:17:43.708"/>
</kw>
<kw name="Set Password">
<arg>kalle456</arg>
<kw name="Input Password" library="SeleniumLibrary">
<arg>password</arg>
<arg>${password}</arg>
<doc>Types the given password into the text field identified by ``locator``.</doc>
<msg timestamp="20241118 23:17:43.712" level="INFO">Typing password into text field 'password'.</msg>
<msg timestamp="20241118 23:17:44.765" level="INFO">Temporally setting log level to: NONE</msg>
<msg timestamp="20241118 23:17:45.332" level="INFO">Log level changed from NONE to INFO.</msg>
<status status="PASS" starttime="20241118 23:17:43.710" endtime="20241118 23:17:45.332"/>
</kw>
<status status="PASS" starttime="20241118 23:17:43.709" endtime="20241118 23:17:45.332"/>
</kw>
<kw name="Submit Credentials">
<kw name="Click Button" library="SeleniumLibrary">
<arg>Login</arg>
<doc>Clicks the button identified by ``locator``.</doc>
<msg timestamp="20241118 23:17:45.335" level="INFO">Clicking button 'Login'.</msg>
<status status="PASS" starttime="20241118 23:17:45.334" endtime="20241118 23:17:47.482"/>
</kw>
<status status="PASS" starttime="20241118 23:17:45.333" endtime="20241118 23:17:47.482"/>
</kw>
<kw name="Login Should Fail With Message">
<arg>Invalid username or password</arg>
<kw name="Login Page Should Be Open" library="resource">
<kw name="Title Should Be" library="SeleniumLibrary">
<arg>Login</arg>
<doc>Verifies that the current page title equals ``title``.</doc>
<msg timestamp="20241118 23:17:47.994" level="INFO">Page title is 'Login'.</msg>
<status status="PASS" starttime="20241118 23:17:47.484" endtime="20241118 23:17:47.995"/>
</kw>
<status status="PASS" starttime="20241118 23:17:47.483" endtime="20241118 23:17:47.995"/>
</kw>
<kw name="Page Should Contain" library="SeleniumLibrary">
<arg>${message}</arg>
<doc>Verifies that current page contains ``text``.</doc>
<msg timestamp="20241118 23:17:49.032" level="INFO">Current page contains text 'Invalid username or password'.</msg>
<status status="PASS" starttime="20241118 23:17:47.995" endtime="20241118 23:17:49.033"/>
</kw>
<status status="PASS" starttime="20241118 23:17:47.482" endtime="20241118 23:17:49.033"/>
</kw>
<status status="PASS" starttime="20241118 23:17:41.504" endtime="20241118 23:17:49.034"/>
</test>
<kw name="Close Browser" library="SeleniumLibrary" type="TEARDOWN">
<doc>Closes the current browser.</doc>
<status status="PASS" starttime="20241118 23:17:49.036" endtime="20241118 23:17:49.599"/>
</kw>
<status status="PASS" starttime="20241118 23:17:34.117" endtime="20241118 23:17:49.599"/>
</suite>
<status status="PASS" starttime="20241118 23:17:26.948" endtime="20241118 23:17:49.603"/>
</suite>
<statistics>
<total>
<stat pass="4" fail="0" skip="0">All Tests</stat>
</total>
<tag>
</tag>
<suite>
<stat pass="4" fail="0" skip="0" id="s1" name="Tests">Tests</stat>
<stat pass="2" fail="0" skip="0" id="s1-s1" name="Home">Tests.Home</stat>
<stat pass="2" fail="0" skip="0" id="s1-s2" name="Login">Tests.Login</stat>
</suite>
</statistics>
<errors>
</errors>
</robot>
