<?xml version="1.0" encoding="UTF-8"?>
<robot generator="Robot 6.1.1 (Python 3.10.12 on linux)" generated="20241118 23:25:39.260" rpa="false" schemaversion="4">
<suite id="s1" name="Tests" source="/home/hannolan/Documents/koulu/ohtu/palautusrepositorio/viikko3/web-login/src/tests">
<suite id="s1-s1" name="Home" source="/home/hannolan/Documents/koulu/ohtu/palautusrepositorio/viikko3/web-login/src/tests/home.robot">
<kw name="Open And Configure Browser" library="resource" type="SETUP">
<if>
<branch type="IF" condition="$BROWSER == 'chrome'">
<kw name="Evaluate" library="BuiltIn">
<var>${options}</var>
<arg>sys.modules['selenium.webdriver'].ChromeOptions()</arg>
<arg>sys</arg>
<doc>Evaluates the given expression in Python and returns the result.</doc>
<msg timestamp="20241118 23:25:39.521" level="INFO">${options} = &lt;selenium.webdriver.chrome.options.Options object at 0x76c2ff533700&gt;</msg>
<status status="PASS" starttime="20241118 23:25:39.521" endtime="20241118 23:25:39.521"/>
</kw>
<status status="PASS" starttime="20241118 23:25:39.503" endtime="20241118 23:25:39.521"/>
</branch>
<branch type="ELSE IF" condition="$BROWSER == 'firefox'">
<kw name="Evaluate" library="BuiltIn">
<var>${options}</var>
<arg>sys.modules['selenium.webdriver'].FirefoxOptions()</arg>
<arg>sys</arg>
<doc>Evaluates the given expression in Python and returns the result.</doc>
<status status="NOT RUN" starttime="20241118 23:25:39.521" endtime="20241118 23:25:39.521"/>
</kw>
<status status="NOT RUN" starttime="20241118 23:25:39.521" endtime="20241118 23:25:39.521"/>
</branch>
<status status="PASS" starttime="20241118 23:25:39.503" endtime="20241118 23:25:39.521"/>
</if>
<if>
<branch type="IF" condition="$HEADLESS == 'true'">
<kw name="Set Selenium Speed" library="SeleniumLibrary">
<arg>0</arg>
<doc>Sets the delay that is waited after each Selenium command.</doc>
<status status="NOT RUN" starttime="20241118 23:25:39.522" endtime="20241118 23:25:39.522"/>
</kw>
<kw name="Call Method" library="BuiltIn">
<arg>${options}</arg>
<arg>add_argument</arg>
<arg>--headless</arg>
<doc>Calls the named method of the given object with the provided arguments.</doc>
<status status="NOT RUN" starttime="20241118 23:25:39.522" endtime="20241118 23:25:39.522"/>
</kw>
<status status="NOT RUN" starttime="20241118 23:25:39.521" endtime="20241118 23:25:39.522"/>
</branch>
<branch type="ELSE">
<kw name="Set Selenium Speed" library="SeleniumLibrary">
<arg>${DELAY}</arg>
<doc>Sets the delay that is waited after each Selenium command.</doc>
<status status="PASS" starttime="20241118 23:25:39.522" endtime="20241118 23:25:39.522"/>
</kw>
<status status="PASS" starttime="20241118 23:25:39.522" endtime="20241118 23:25:39.522"/>
</branch>
<status status="PASS" starttime="20241118 23:25:39.521" endtime="20241118 23:25:39.522"/>
</if>
<kw name="Open Browser" library="SeleniumLibrary">
<arg>browser=${BROWSER}</arg>
<arg>options=${options}</arg>
<doc>Opens a new browser instance to the optional ``url``.</doc>
<msg timestamp="20241118 23:25:39.523" level="INFO">Opening browser 'chrome' to base url 'None'.</msg>
<status status="PASS" starttime="20241118 23:25:39.522" endtime="20241118 23:25:40.213"/>
</kw>
<status status="PASS" starttime="20241118 23:25:39.502" endtime="20241118 23:25:40.214"/>
</kw>
<test id="s1-s1-t1" name="Click Login Link" line="8">
<kw name="Reset Application And Go To Starting Page" type="SETUP">
<kw name="Reset Application" library="AppLibrary">
<status status="PASS" starttime="20241118 23:25:40.215" endtime="20241118 23:25:40.223"/>
</kw>
<kw name="Go To Starting Page">
<kw name="Go To" library="SeleniumLibrary">
<arg>${HOME_URL}</arg>
<doc>Navigates the current browser window to the provided ``url``.</doc>
<msg timestamp="20241118 23:25:40.224" level="INFO">Opening url 'http://localhost:5001'</msg>
<status status="PASS" starttime="20241118 23:25:40.224" endtime="20241118 23:25:40.784"/>
</kw>
<status status="PASS" starttime="20241118 23:25:40.224" endtime="20241118 23:25:40.785"/>
</kw>
<status status="PASS" starttime="20241118 23:25:40.215" endtime="20241118 23:25:40.785"/>
</kw>
<kw name="Click Link" library="SeleniumLibrary">
<arg>Login</arg>
<doc>Clicks a link identified by ``locator``.</doc>
<msg timestamp="20241118 23:25:40.788" level="INFO">Clicking link 'Login'.</msg>
<status status="PASS" starttime="20241118 23:25:40.786" endtime="20241118 23:25:42.443"/>
</kw>
<kw name="Login Page Should Be Open" library="resource">
<kw name="Title Should Be" library="SeleniumLibrary">
<arg>Login</arg>
<doc>Verifies that the current page title equals ``title``.</doc>
<msg timestamp="20241118 23:25:42.959" level="INFO">Page title is 'Login'.</msg>
<status status="PASS" starttime="20241118 23:25:42.446" endtime="20241118 23:25:42.960"/>
</kw>
<status status="PASS" starttime="20241118 23:25:42.445" endtime="20241118 23:25:42.961"/>
</kw>
<status status="PASS" starttime="20241118 23:25:40.214" endtime="20241118 23:25:42.962"/>
</test>
<test id="s1-s1-t2" name="Click Register Link" line="12">
<kw name="Reset Application And Go To Starting Page" type="SETUP">
<kw name="Reset Application" library="AppLibrary">
<status status="PASS" starttime="20241118 23:25:42.966" endtime="20241118 23:25:42.972"/>
</kw>
<kw name="Go To Starting Page">
<kw name="Go To" library="SeleniumLibrary">
<arg>${HOME_URL}</arg>
<doc>Navigates the current browser window to the provided ``url``.</doc>
<msg timestamp="20241118 23:25:42.973" level="INFO">Opening url 'http://localhost:5001'</msg>
<status status="PASS" starttime="20241118 23:25:42.973" endtime="20241118 23:25:43.527"/>
</kw>
<status status="PASS" starttime="20241118 23:25:42.972" endtime="20241118 23:25:43.527"/>
</kw>
<status status="PASS" starttime="20241118 23:25:42.965" endtime="20241118 23:25:43.528"/>
</kw>
<kw name="Click Link" library="SeleniumLibrary">
<arg>Register new user</arg>
<doc>Clicks a link identified by ``locator``.</doc>
<msg timestamp="20241118 23:25:43.530" level="INFO">Clicking link 'Register new user'.</msg>
<status status="PASS" starttime="20241118 23:25:43.528" endtime="20241118 23:25:45.187"/>
</kw>
<kw name="Register Page Should Be Open">
<kw name="Title Should Be" library="SeleniumLibrary">
<arg>Register</arg>
<doc>Verifies that the current page title equals ``title``.</doc>
<msg timestamp="20241118 23:25:45.702" level="INFO">Page title is 'Register'.</msg>
<status status="PASS" starttime="20241118 23:25:45.189" endtime="20241118 23:25:45.702"/>
</kw>
<status status="PASS" starttime="20241118 23:25:45.188" endtime="20241118 23:25:45.702"/>
</kw>
<status status="PASS" starttime="20241118 23:25:42.963" endtime="20241118 23:25:45.702"/>
</test>
<kw name="Close Browser" library="SeleniumLibrary" type="TEARDOWN">
<doc>Closes the current browser.</doc>
<status status="PASS" starttime="20241118 23:25:45.704" endtime="20241118 23:25:46.267"/>
</kw>
<status status="PASS" starttime="20241118 23:25:39.277" endtime="20241118 23:25:46.267"/>
</suite>
<suite id="s1-s2" name="Login" source="/home/hannolan/Documents/koulu/ohtu/palautusrepositorio/viikko3/web-login/src/tests/login.robot">
<kw name="Open And Configure Browser" library="resource" type="SETUP">
<if>
<branch type="IF" condition="$BROWSER == 'chrome'">
<kw name="Evaluate" library="BuiltIn">
<var>${options}</var>
<arg>sys.modules['selenium.webdriver'].ChromeOptions()</arg>
<arg>sys</arg>
<doc>Evaluates the given expression in Python and returns the result.</doc>
<msg timestamp="20241118 23:25:46.277" level="INFO">${options} = &lt;selenium.webdriver.chrome.options.Options object at 0x76c2ff3d9f00&gt;</msg>
<status status="PASS" starttime="20241118 23:25:46.276" endtime="20241118 23:25:46.277"/>
</kw>
<status status="PASS" starttime="20241118 23:25:46.276" endtime="20241118 23:25:46.277"/>
</branch>
<branch type="ELSE IF" condition="$BROWSER == 'firefox'">
<kw name="Evaluate" library="BuiltIn">
<var>${options}</var>
<arg>sys.modules['selenium.webdriver'].FirefoxOptions()</arg>
<arg>sys</arg>
<doc>Evaluates the given expression in Python and returns the result.</doc>
<status status="NOT RUN" starttime="20241118 23:25:46.277" endtime="20241118 23:25:46.277"/>
</kw>
<status status="NOT RUN" starttime="20241118 23:25:46.277" endtime="20241118 23:25:46.277"/>
</branch>
<status status="PASS" starttime="20241118 23:25:46.276" endtime="20241118 23:25:46.277"/>
</if>
<if>
<branch type="IF" condition="$HEADLESS == 'true'">
<kw name="Set Selenium Speed" library="SeleniumLibrary">
<arg>0</arg>
<doc>Sets the delay that is waited after each Selenium command.</doc>
<status status="NOT RUN" starttime="20241118 23:25:46.278" endtime="20241118 23:25:46.278"/>
</kw>
<kw name="Call Method" library="BuiltIn">
<arg>${options}</arg>
<arg>add_argument</arg>
<arg>--headless</arg>
<doc>Calls the named method of the given object with the provided arguments.</doc>
<status status="NOT RUN" starttime="20241118 23:25:46.278" endtime="20241118 23:25:46.278"/>
</kw>
<status status="NOT RUN" starttime="20241118 23:25:46.277" endtime="20241118 23:25:46.278"/>
</branch>
<branch type="ELSE">
<kw name="Set Selenium Speed" library="SeleniumLibrary">
<arg>${DELAY}</arg>
<doc>Sets the delay that is waited after each Selenium command.</doc>
<status status="PASS" starttime="20241118 23:25:46.278" endtime="20241118 23:25:46.278"/>
</kw>
<status status="PASS" starttime="20241118 23:25:46.278" endtime="20241118 23:25:46.278"/>
</branch>
<status status="PASS" starttime="20241118 23:25:46.277" endtime="20241118 23:25:46.278"/>
</if>
<kw name="Open Browser" library="SeleniumLibrary">
<arg>browser=${BROWSER}</arg>
<arg>options=${options}</arg>
<doc>Opens a new browser instance to the optional ``url``.</doc>
<msg timestamp="20241118 23:25:46.279" level="INFO">Opening browser 'chrome' to base url 'None'.</msg>
<status status="PASS" starttime="20241118 23:25:46.279" endtime="20241118 23:25:46.959"/>
</kw>
<status status="PASS" starttime="20241118 23:25:46.275" endtime="20241118 23:25:46.959"/>
</kw>
<test id="s1-s2-t1" name="Login With Correct Credentials" line="8">
<kw name="Reset Application Create User And Go To Login Page" type="SETUP">
<kw name="Reset Application" library="AppLibrary">
<status status="PASS" starttime="20241118 23:25:46.960" endtime="20241118 23:25:46.963"/>
</kw>
<kw name="Create User" library="AppLibrary">
<arg>kalle</arg>
<arg>kalle123</arg>
<status status="PASS" starttime="20241118 23:25:46.963" endtime="20241118 23:25:46.972"/>
</kw>
<kw name="Go To Login Page" library="resource">
<kw name="Go To" library="SeleniumLibrary">
<arg>${LOGIN_URL}</arg>
<doc>Navigates the current browser window to the provided ``url``.</doc>
<msg timestamp="20241118 23:25:46.974" level="INFO">Opening url 'http://localhost:5001/login'</msg>
<status status="PASS" starttime="20241118 23:25:46.973" endtime="20241118 23:25:47.557"/>
</kw>
<status status="PASS" starttime="20241118 23:25:46.973" endtime="20241118 23:25:47.558"/>
</kw>
<status status="PASS" starttime="20241118 23:25:46.960" endtime="20241118 23:25:47.558"/>
</kw>
<kw name="Set Username">
<arg>kalle</arg>
<kw name="Input Text" library="SeleniumLibrary">
<arg>username</arg>
<arg>${username}</arg>
<doc>Types the given ``text`` into the text field identified by ``locator``.</doc>
<msg timestamp="20241118 23:25:47.562" level="INFO">Typing text 'kalle' into text field 'username'.</msg>
<status status="PASS" starttime="20241118 23:25:47.560" endtime="20241118 23:25:49.233"/>
</kw>
<status status="PASS" starttime="20241118 23:25:47.559" endtime="20241118 23:25:49.234"/>
</kw>
<kw name="Set Password">
<arg>kalle123</arg>
<kw name="Input Password" library="SeleniumLibrary">
<arg>password</arg>
<arg>${password}</arg>
<doc>Types the given password into the text field identified by ``locator``.</doc>
<msg timestamp="20241118 23:25:49.237" level="INFO">Typing password into text field 'password'.</msg>
<msg timestamp="20241118 23:25:50.299" level="INFO">Temporally setting log level to: NONE</msg>
<msg timestamp="20241118 23:25:50.868" level="INFO">Log level changed from NONE to INFO.</msg>
<status status="PASS" starttime="20241118 23:25:49.236" endtime="20241118 23:25:50.868"/>
</kw>
<status status="PASS" starttime="20241118 23:25:49.234" endtime="20241118 23:25:50.869"/>
</kw>
<kw name="Submit Credentials">
<kw name="Click Button" library="SeleniumLibrary">
<arg>Login</arg>
<doc>Clicks the button identified by ``locator``.</doc>
<msg timestamp="20241118 23:25:50.872" level="INFO">Clicking button 'Login'.</msg>
<status status="PASS" starttime="20241118 23:25:50.871" endtime="20241118 23:25:53.045"/>
</kw>
<status status="PASS" starttime="20241118 23:25:50.870" endtime="20241118 23:25:53.046"/>
</kw>
<kw name="Login Should Succeed">
<kw name="Main Page Should Be Open" library="resource">
<kw name="Title Should Be" library="SeleniumLibrary">
<arg>Ohtu Application main page</arg>
<doc>Verifies that the current page title equals ``title``.</doc>
<msg timestamp="20241118 23:25:53.563" level="INFO">Page title is 'Ohtu Application main page'.</msg>
<status status="PASS" starttime="20241118 23:25:53.049" endtime="20241118 23:25:53.564"/>
</kw>
<status status="PASS" starttime="20241118 23:25:53.048" endtime="20241118 23:25:53.564"/>
</kw>
<status status="PASS" starttime="20241118 23:25:53.047" endtime="20241118 23:25:53.564"/>
</kw>
<status status="PASS" starttime="20241118 23:25:46.959" endtime="20241118 23:25:53.565"/>
</test>
<test id="s1-s2-t2" name="Login With Incorrect Password" line="14">
<kw name="Reset Application Create User And Go To Login Page" type="SETUP">
<kw name="Reset Application" library="AppLibrary">
<status status="PASS" starttime="20241118 23:25:53.568" endtime="20241118 23:25:53.574"/>
</kw>
<kw name="Create User" library="AppLibrary">
<arg>kalle</arg>
<arg>kalle123</arg>
<status status="PASS" starttime="20241118 23:25:53.574" endtime="20241118 23:25:53.585"/>
</kw>
<kw name="Go To Login Page" library="resource">
<kw name="Go To" library="SeleniumLibrary">
<arg>${LOGIN_URL}</arg>
<doc>Navigates the current browser window to the provided ``url``.</doc>
<msg timestamp="20241118 23:25:53.587" level="INFO">Opening url 'http://localhost:5001/login'</msg>
<status status="PASS" starttime="20241118 23:25:53.586" endtime="20241118 23:25:54.134"/>
</kw>
<status status="PASS" starttime="20241118 23:25:53.586" endtime="20241118 23:25:54.134"/>
</kw>
<status status="PASS" starttime="20241118 23:25:53.567" endtime="20241118 23:25:54.135"/>
</kw>
<kw name="Set Username">
<arg>kalle</arg>
<kw name="Input Text" library="SeleniumLibrary">
<arg>username</arg>
<arg>${username}</arg>
<doc>Types the given ``text`` into the text field identified by ``locator``.</doc>
<msg timestamp="20241118 23:25:54.139" level="INFO">Typing text 'kalle' into text field 'username'.</msg>
<status status="PASS" starttime="20241118 23:25:54.137" endtime="20241118 23:25:55.767"/>
</kw>
<status status="PASS" starttime="20241118 23:25:54.136" endtime="20241118 23:25:55.767"/>
</kw>
<kw name="Set Password">
<arg>kalle456</arg>
<kw name="Input Password" library="SeleniumLibrary">
<arg>password</arg>
<arg>${password}</arg>
<doc>Types the given password into the text field identified by ``locator``.</doc>
<msg timestamp="20241118 23:25:55.770" level="INFO">Typing password into text field 'password'.</msg>
<msg timestamp="20241118 23:25:56.820" level="INFO">Temporally setting log level to: NONE</msg>
<msg timestamp="20241118 23:25:57.410" level="INFO">Log level changed from NONE to INFO.</msg>
<status status="PASS" starttime="20241118 23:25:55.769" endtime="20241118 23:25:57.410"/>
</kw>
<status status="PASS" starttime="20241118 23:25:55.768" endtime="20241118 23:25:57.411"/>
</kw>
<kw name="Submit Credentials">
<kw name="Click Button" library="SeleniumLibrary">
<arg>Login</arg>
<doc>Clicks the button identified by ``locator``.</doc>
<msg timestamp="20241118 23:25:57.412" level="INFO">Clicking button 'Login'.</msg>
<status status="PASS" starttime="20241118 23:25:57.412" endtime="20241118 23:25:59.560"/>
</kw>
<status status="PASS" starttime="20241118 23:25:57.411" endtime="20241118 23:25:59.561"/>
</kw>
<kw name="Login Should Fail With Message">
<arg>Username and password are required</arg>
<kw name="Login Page Should Be Open" library="resource">
<kw name="Title Should Be" library="SeleniumLibrary">
<arg>Login</arg>
<doc>Verifies that the current page title equals ``title``.</doc>
<msg timestamp="20241118 23:26:00.078" level="INFO">Page title is 'Login'.</msg>
<status status="PASS" starttime="20241118 23:25:59.564" endtime="20241118 23:26:00.079"/>
</kw>
<status status="PASS" starttime="20241118 23:25:59.563" endtime="20241118 23:26:00.079"/>
</kw>
<kw name="Page Should Contain" library="SeleniumLibrary">
<arg>${message}</arg>
<doc>Verifies that current page contains ``text``.</doc>
<msg timestamp="20241118 23:26:02.733" level="INFO" html="true">&lt;/td&gt;&lt;/tr&gt;&lt;tr&gt;&lt;td colspan="3"&gt;&lt;a href="selenium-screenshot-2.png"&gt;&lt;img src="selenium-screenshot-2.png" width="800px"&gt;&lt;/a&gt;</msg>
<msg timestamp="20241118 23:26:02.734" level="FAIL">Page should have contained text 'Username and password are required' but did not.</msg>
<status status="FAIL" starttime="20241118 23:26:00.080" endtime="20241118 23:26:02.736"/>
</kw>
<status status="FAIL" starttime="20241118 23:25:59.562" endtime="20241118 23:26:02.736"/>
</kw>
<status status="FAIL" starttime="20241118 23:25:53.566" endtime="20241118 23:26:02.737">Page should have contained text 'Username and password are required' but did not.</status>
</test>
<test id="s1-s2-t3" name="Login With Nonexistent Username" line="20">
<kw name="Reset Application Create User And Go To Login Page" type="SETUP">
<kw name="Reset Application" library="AppLibrary">
<status status="PASS" starttime="20241118 23:26:02.739" endtime="20241118 23:26:02.744"/>
</kw>
<kw name="Create User" library="AppLibrary">
<arg>kalle</arg>
<arg>kalle123</arg>
<status status="PASS" starttime="20241118 23:26:02.744" endtime="20241118 23:26:02.755"/>
</kw>
<kw name="Go To Login Page" library="resource">
<kw name="Go To" library="SeleniumLibrary">
<arg>${LOGIN_URL}</arg>
<doc>Navigates the current browser window to the provided ``url``.</doc>
<msg timestamp="20241118 23:26:02.756" level="INFO">Opening url 'http://localhost:5001/login'</msg>
<status status="PASS" starttime="20241118 23:26:02.756" endtime="20241118 23:26:03.298"/>
</kw>
<status status="PASS" starttime="20241118 23:26:02.755" endtime="20241118 23:26:03.298"/>
</kw>
<status status="PASS" starttime="20241118 23:26:02.738" endtime="20241118 23:26:03.299"/>
</kw>
<kw name="Set Password">
<arg>kalle456</arg>
<kw name="Input Password" library="SeleniumLibrary">
<arg>password</arg>
<arg>${password}</arg>
<doc>Types the given password into the text field identified by ``locator``.</doc>
<msg timestamp="20241118 23:26:03.302" level="INFO">Typing password into text field 'password'.</msg>
<msg timestamp="20241118 23:26:04.360" level="INFO">Temporally setting log level to: NONE</msg>
<msg timestamp="20241118 23:26:04.943" level="INFO">Log level changed from NONE to INFO.</msg>
<status status="PASS" starttime="20241118 23:26:03.301" endtime="20241118 23:26:04.944"/>
</kw>
<status status="PASS" starttime="20241118 23:26:03.300" endtime="20241118 23:26:04.944"/>
</kw>
<kw name="Submit Credentials">
<kw name="Click Button" library="SeleniumLibrary">
<arg>Login</arg>
<doc>Clicks the button identified by ``locator``.</doc>
<msg timestamp="20241118 23:26:04.947" level="INFO">Clicking button 'Login'.</msg>
<status status="PASS" starttime="20241118 23:26:04.946" endtime="20241118 23:26:07.095"/>
</kw>
<status status="PASS" starttime="20241118 23:26:04.945" endtime="20241118 23:26:07.095"/>
</kw>
<kw name="Login Should Fail With Message">
<arg>Invalid username or password</arg>
<kw name="Login Page Should Be Open" library="resource">
<kw name="Title Should Be" library="SeleniumLibrary">
<arg>Login</arg>
<doc>Verifies that the current page title equals ``title``.</doc>
<msg timestamp="20241118 23:26:07.611" level="INFO">Page title is 'Login'.</msg>
<status status="PASS" starttime="20241118 23:26:07.098" endtime="20241118 23:26:07.611"/>
</kw>
<status status="PASS" starttime="20241118 23:26:07.097" endtime="20241118 23:26:07.612"/>
</kw>
<kw name="Page Should Contain" library="SeleniumLibrary">
<arg>${message}</arg>
<doc>Verifies that current page contains ``text``.</doc>
<msg timestamp="20241118 23:26:10.243" level="INFO" html="true">&lt;/td&gt;&lt;/tr&gt;&lt;tr&gt;&lt;td colspan="3"&gt;&lt;a href="selenium-screenshot-3.png"&gt;&lt;img src="selenium-screenshot-3.png" width="800px"&gt;&lt;/a&gt;</msg>
<msg timestamp="20241118 23:26:10.243" level="FAIL">Page should have contained text 'Invalid username or password' but did not.</msg>
<status status="FAIL" starttime="20241118 23:26:07.612" endtime="20241118 23:26:10.244"/>
</kw>
<status status="FAIL" starttime="20241118 23:26:07.096" endtime="20241118 23:26:10.244"/>
</kw>
<status status="FAIL" starttime="20241118 23:26:02.737" endtime="20241118 23:26:10.245">Page should have contained text 'Invalid username or password' but did not.</status>
</test>
<kw name="Close Browser" library="SeleniumLibrary" type="TEARDOWN">
<doc>Closes the current browser.</doc>
<status status="PASS" starttime="20241118 23:26:10.246" endtime="20241118 23:26:10.806"/>
</kw>
<status status="FAIL" starttime="20241118 23:25:46.270" endtime="20241118 23:26:10.806"/>
</suite>
<status status="FAIL" starttime="20241118 23:25:39.261" endtime="20241118 23:26:10.808"/>
</suite>
<statistics>
<total>
<stat pass="3" fail="2" skip="0">All Tests</stat>
</total>
<tag>
</tag>
<suite>
<stat pass="3" fail="2" skip="0" id="s1" name="Tests">Tests</stat>
<stat pass="2" fail="0" skip="0" id="s1-s1" name="Home">Tests.Home</stat>
<stat pass="1" fail="2" skip="0" id="s1-s2" name="Login">Tests.Login</stat>
</suite>
</statistics>
<errors>
</errors>
</robot>
