<?xml version="1.0" encoding="UTF-8"?>
<robot generator="Robot 6.1.1 (Python 3.10.12 on linux)" generated="20241118 22:46:18.401" rpa="false" schemaversion="4">
<suite id="s1" name="Src" source="/home/hannolan/Documents/koulu/ohtu/palautusrepositorio/viikko3/webcounter/src">
<suite id="s1-s1" name="Tests" source="/home/hannolan/Documents/koulu/ohtu/palautusrepositorio/viikko3/webcounter/src/tests">
<suite id="s1-s1-s1" name="Increment" source="/home/hannolan/Documents/koulu/ohtu/palautusrepositorio/viikko3/webcounter/src/tests/increment.robot">
<kw name="Open And Configure Browser" library="resource" type="SETUP">
<if>
<branch type="IF" condition="$BROWSER == 'chrome'">
<kw name="Evaluate" library="BuiltIn">
<var>${options}</var>
<arg>sys.modules['selenium.webdriver'].ChromeOptions()</arg>
<arg>sys</arg>
<doc>Evaluates the given expression in Python and returns the result.</doc>
<msg timestamp="20241118 22:46:18.594" level="INFO">${options} = &lt;selenium.webdriver.chrome.options.Options object at 0x72b1d24c3a00&gt;</msg>
<status status="PASS" starttime="20241118 22:46:18.593" endtime="20241118 22:46:18.594"/>
</kw>
<status status="PASS" starttime="20241118 22:46:18.590" endtime="20241118 22:46:18.594"/>
</branch>
<branch type="ELSE IF" condition="$BROWSER == 'firefox'">
<kw name="Evaluate" library="BuiltIn">
<var>${options}</var>
<arg>sys.modules['selenium.webdriver'].FirefoxOptions()</arg>
<arg>sys</arg>
<doc>Evaluates the given expression in Python and returns the result.</doc>
<status status="NOT RUN" starttime="20241118 22:46:18.594" endtime="20241118 22:46:18.594"/>
</kw>
<status status="NOT RUN" starttime="20241118 22:46:18.594" endtime="20241118 22:46:18.594"/>
</branch>
<status status="PASS" starttime="20241118 22:46:18.590" endtime="20241118 22:46:18.594"/>
</if>
<if>
<branch type="IF" condition="$HEADLESS == 'true'">
<kw name="Set Selenium Speed" library="SeleniumLibrary">
<arg>0</arg>
<doc>Sets the delay that is waited after each Selenium command.</doc>
<status status="NOT RUN" starttime="20241118 22:46:18.594" endtime="20241118 22:46:18.594"/>
</kw>
<kw name="Call Method" library="BuiltIn">
<arg>${options}</arg>
<arg>add_argument</arg>
<arg>--headless</arg>
<doc>Calls the named method of the given object with the provided arguments.</doc>
<status status="NOT RUN" starttime="20241118 22:46:18.594" endtime="20241118 22:46:18.594"/>
</kw>
<status status="NOT RUN" starttime="20241118 22:46:18.594" endtime="20241118 22:46:18.594"/>
</branch>
<branch type="ELSE">
<kw name="Set Selenium Speed" library="SeleniumLibrary">
<arg>${DELAY}</arg>
<doc>Sets the delay that is waited after each Selenium command.</doc>
<status status="PASS" starttime="20241118 22:46:18.595" endtime="20241118 22:46:18.595"/>
</kw>
<status status="PASS" starttime="20241118 22:46:18.595" endtime="20241118 22:46:18.595"/>
</branch>
<status status="PASS" starttime="20241118 22:46:18.594" endtime="20241118 22:46:18.595"/>
</if>
<kw name="Open Browser" library="SeleniumLibrary">
<arg>browser=${BROWSER}</arg>
<arg>options=${options}</arg>
<doc>Opens a new browser instance to the optional ``url``.</doc>
<msg timestamp="20241118 22:46:18.596" level="INFO">Opening browser 'chrome' to base url 'None'.</msg>
<status status="PASS" starttime="20241118 22:46:18.595" endtime="20241118 22:46:20.146"/>
</kw>
<status status="PASS" starttime="20241118 22:46:18.590" endtime="20241118 22:46:20.146"/>
</kw>
<test id="s1-s1-s1-t1" name="At start the counter is zero" line="7">
<kw name="Go To" library="SeleniumLibrary">
<arg>${HOME_URL}</arg>
<doc>Navigates the current browser window to the provided ``url``.</doc>
<msg timestamp="20241118 22:46:20.148" level="INFO">Opening url 'http://localhost:5001'</msg>
<status status="PASS" starttime="20241118 22:46:20.147" endtime="20241118 22:46:20.733"/>
</kw>
<kw name="Title Should Be" library="SeleniumLibrary">
<arg>Laskuri</arg>
<doc>Verifies that the current page title equals ``title``.</doc>
<msg timestamp="20241118 22:46:21.249" level="INFO">Page title is 'Laskuri'.</msg>
<status status="PASS" starttime="20241118 22:46:20.734" endtime="20241118 22:46:21.249"/>
</kw>
<kw name="Page Should Contain" library="SeleniumLibrary">
<arg>nappia painettu 0 kertaa</arg>
<doc>Verifies that current page contains ``text``.</doc>
<msg timestamp="20241118 22:46:22.284" level="INFO">Current page contains text 'nappia painettu 0 kertaa'.</msg>
<status status="PASS" starttime="20241118 22:46:21.250" endtime="20241118 22:46:22.284"/>
</kw>
<status status="PASS" starttime="20241118 22:46:20.146" endtime="20241118 22:46:22.285"/>
</test>
<test id="s1-s1-s1-t2" name="When button pressed twice the counter is two" line="12">
<kw name="Go To" library="SeleniumLibrary">
<arg>${HOME_URL}</arg>
<doc>Navigates the current browser window to the provided ``url``.</doc>
<msg timestamp="20241118 22:46:22.287" level="INFO">Opening url 'http://localhost:5001'</msg>
<status status="PASS" starttime="20241118 22:46:22.287" endtime="20241118 22:46:22.817"/>
</kw>
<kw name="Click Button" library="SeleniumLibrary">
<arg>Paina</arg>
<doc>Clicks the button identified by ``locator``.</doc>
<msg timestamp="20241118 22:46:22.821" level="INFO">Clicking button 'Paina'.</msg>
<status status="PASS" starttime="20241118 22:46:22.819" endtime="20241118 22:46:24.480"/>
</kw>
<kw name="Click Button" library="SeleniumLibrary">
<arg>Paina</arg>
<doc>Clicks the button identified by ``locator``.</doc>
<msg timestamp="20241118 22:46:24.482" level="INFO">Clicking button 'Paina'.</msg>
<status status="PASS" starttime="20241118 22:46:24.481" endtime="20241118 22:46:26.105"/>
</kw>
<kw name="Page Should Contain" library="SeleniumLibrary">
<arg>nappia painettu 2 kertaa</arg>
<doc>Verifies that current page contains ``text``.</doc>
<msg timestamp="20241118 22:46:27.142" level="INFO">Current page contains text 'nappia painettu 2 kertaa'.</msg>
<status status="PASS" starttime="20241118 22:46:26.107" endtime="20241118 22:46:27.142"/>
</kw>
<status status="PASS" starttime="20241118 22:46:22.286" endtime="20241118 22:46:27.143"/>
</test>
<kw name="Close Browser" library="SeleniumLibrary" type="TEARDOWN">
<doc>Closes the current browser.</doc>
<status status="PASS" starttime="20241118 22:46:27.146" endtime="20241118 22:46:27.710"/>
</kw>
<status status="PASS" starttime="20241118 22:46:18.421" endtime="20241118 22:46:27.710"/>
</suite>
<suite id="s1-s1-s2" name="Reset" source="/home/hannolan/Documents/koulu/ohtu/palautusrepositorio/viikko3/webcounter/src/tests/reset.robot">
<kw name="Open And Configure Browser" library="resource" type="SETUP">
<if>
<branch type="IF" condition="$BROWSER == 'chrome'">
<kw name="Evaluate" library="BuiltIn">
<var>${options}</var>
<arg>sys.modules['selenium.webdriver'].ChromeOptions()</arg>
<arg>sys</arg>
<doc>Evaluates the given expression in Python and returns the result.</doc>
<msg timestamp="20241118 22:46:27.719" level="INFO">${options} = &lt;selenium.webdriver.chrome.options.Options object at 0x72b1d25228c0&gt;</msg>
<status status="PASS" starttime="20241118 22:46:27.719" endtime="20241118 22:46:27.719"/>
</kw>
<status status="PASS" starttime="20241118 22:46:27.718" endtime="20241118 22:46:27.719"/>
</branch>
<branch type="ELSE IF" condition="$BROWSER == 'firefox'">
<kw name="Evaluate" library="BuiltIn">
<var>${options}</var>
<arg>sys.modules['selenium.webdriver'].FirefoxOptions()</arg>
<arg>sys</arg>
<doc>Evaluates the given expression in Python and returns the result.</doc>
<status status="NOT RUN" starttime="20241118 22:46:27.719" endtime="20241118 22:46:27.719"/>
</kw>
<status status="NOT RUN" starttime="20241118 22:46:27.719" endtime="20241118 22:46:27.719"/>
</branch>
<status status="PASS" starttime="20241118 22:46:27.718" endtime="20241118 22:46:27.719"/>
</if>
<if>
<branch type="IF" condition="$HEADLESS == 'true'">
<kw name="Set Selenium Speed" library="SeleniumLibrary">
<arg>0</arg>
<doc>Sets the delay that is waited after each Selenium command.</doc>
<status status="NOT RUN" starttime="20241118 22:46:27.720" endtime="20241118 22:46:27.720"/>
</kw>
<kw name="Call Method" library="BuiltIn">
<arg>${options}</arg>
<arg>add_argument</arg>
<arg>--headless</arg>
<doc>Calls the named method of the given object with the provided arguments.</doc>
<status status="NOT RUN" starttime="20241118 22:46:27.720" endtime="20241118 22:46:27.720"/>
</kw>
<status status="NOT RUN" starttime="20241118 22:46:27.719" endtime="20241118 22:46:27.720"/>
</branch>
<branch type="ELSE">
<kw name="Set Selenium Speed" library="SeleniumLibrary">
<arg>${DELAY}</arg>
<doc>Sets the delay that is waited after each Selenium command.</doc>
<status status="PASS" starttime="20241118 22:46:27.720" endtime="20241118 22:46:27.721"/>
</kw>
<status status="PASS" starttime="20241118 22:46:27.720" endtime="20241118 22:46:27.721"/>
</branch>
<status status="PASS" starttime="20241118 22:46:27.719" endtime="20241118 22:46:27.721"/>
</if>
<kw name="Open Browser" library="SeleniumLibrary">
<arg>browser=${BROWSER}</arg>
<arg>options=${options}</arg>
<doc>Opens a new browser instance to the optional ``url``.</doc>
<msg timestamp="20241118 22:46:27.722" level="INFO">Opening browser 'chrome' to base url 'None'.</msg>
<status status="PASS" starttime="20241118 22:46:27.721" endtime="20241118 22:46:28.557"/>
</kw>
<status status="PASS" starttime="20241118 22:46:27.718" endtime="20241118 22:46:28.557"/>
</kw>
<test id="s1-s1-s2-t1" name="When counter has a nonzero value and it is reset the value becomes zero" line="7">
<kw name="Go To" library="SeleniumLibrary">
<arg>$(HOME_URL)</arg>
<doc>Navigates the current browser window to the provided ``url``.</doc>
<msg timestamp="20241118 22:46:28.559" level="INFO">Opening url '$(HOME_URL)'</msg>
<msg timestamp="20241118 22:46:29.200" level="INFO" html="true">&lt;/td&gt;&lt;/tr&gt;&lt;tr&gt;&lt;td colspan="3"&gt;&lt;a href="selenium-screenshot-1.png"&gt;&lt;img src="selenium-screenshot-1.png" width="800px"&gt;&lt;/a&gt;</msg>
<msg timestamp="20241118 22:46:29.201" level="FAIL">InvalidArgumentException: Message: invalid argument
  (Session info: chrome=131.0.6778.69)
Stacktrace:
#0 0x63b53f00a4ca &lt;unknown&gt;
#1 0x63b53eb1d47d &lt;unknown&gt;
#2 0x63b53eb04f5f &lt;unknown&gt;
#3 0x63b53eb03565 &lt;unknown&gt;
#4 0x63b53eb03c8a &lt;unknown&gt;
#5 0x63b53eb1ff49 &lt;unknown&gt;
#6 0x63b53ebafa35 &lt;unknown&gt;
#7 0x63b53eb90372 &lt;unknown&gt;
#8 0x63b53ebaede0 &lt;unknown&gt;
#9 0x63b53eb90113 &lt;unknown&gt;
#10 0x63b53eb5ebe0 &lt;unknown&gt;
#11 0x63b53eb5fbbe &lt;unknown&gt;
#12 0x63b53efd6e4b &lt;unknown&gt;
#13 0x63b53efdade2 &lt;unknown&gt;
#14 0x63b53efc3d2c &lt;unknown&gt;
#15 0x63b53efdb957 &lt;unknown&gt;
#16 0x63b53efa94bf &lt;unknown&gt;
#17 0x63b53eff9348 &lt;unknown&gt;
#18 0x63b53eff9510 &lt;unknown&gt;
#19 0x63b53f009346 &lt;unknown&gt;
#20 0x7417be494ac3 &lt;unknown&gt;
</msg>
<status status="FAIL" starttime="20241118 22:46:28.558" endtime="20241118 22:46:29.209"/>
</kw>
<kw name="Click Button" library="SeleniumLibrary">
<arg>Paina</arg>
<doc>Clicks the button identified by ``locator``.</doc>
<status status="NOT RUN" starttime="20241118 22:46:29.210" endtime="20241118 22:46:29.210"/>
</kw>
<kw name="Click Button" library="SeleniumLibrary">
<arg>Paina</arg>
<doc>Clicks the button identified by ``locator``.</doc>
<status status="NOT RUN" starttime="20241118 22:46:29.210" endtime="20241118 22:46:29.211"/>
</kw>
<kw name="Click Button" library="SeleniumLibrary">
<arg>Nollaa</arg>
<doc>Clicks the button identified by ``locator``.</doc>
<status status="NOT RUN" starttime="20241118 22:46:29.211" endtime="20241118 22:46:29.211"/>
</kw>
<kw name="Page Should Contain" library="SeleniumLibrary">
<arg>nappia painettu 0 kertaa</arg>
<doc>Verifies that current page contains ``text``.</doc>
<status status="NOT RUN" starttime="20241118 22:46:29.211" endtime="20241118 22:46:29.211"/>
</kw>
<status status="FAIL" starttime="20241118 22:46:28.558" endtime="20241118 22:46:29.212">InvalidArgumentException: Message: invalid argument
  (Session info: chrome=131.0.6778.69)
Stacktrace:
#0 0x63b53f00a4ca &lt;unknown&gt;
#1 0x63b53eb1d47d &lt;unknown&gt;
#2 0x63b53eb04f5f &lt;unknown&gt;
#3 0x63b53eb03565 &lt;unknown&gt;
#4 0x63b53eb03c8a &lt;unknown&gt;
#5 0x63b53eb1ff49 &lt;unknown&gt;
#6 0x63b53ebafa35 &lt;unknown&gt;
#7 0x63b53eb90372 &lt;unknown&gt;
#8 0x63b53ebaede0 &lt;unknown&gt;
#9 0x63b53eb90113 &lt;unknown&gt;
#10 0x63b53eb5ebe0 &lt;unknown&gt;
#11 0x63b53eb5fbbe &lt;unknown&gt;
#12 0x63b53efd6e4b &lt;unknown&gt;
#13 0x63b53efdade2 &lt;unknown&gt;
#14 0x63b53efc3d2c &lt;unknown&gt;
#15 0x63b53efdb957 &lt;unknown&gt;
#16 0x63b53efa94bf &lt;unknown&gt;
#17 0x63b53eff9348 &lt;unknown&gt;
#18 0x63b53eff9510 &lt;unknown&gt;
#19 0x63b53f009346 &lt;unknown&gt;
#20 0x7417be494ac3 &lt;unknown&gt;
</status>
</test>
<kw name="Close Browser" library="SeleniumLibrary" type="TEARDOWN">
<doc>Closes the current browser.</doc>
<status status="PASS" starttime="20241118 22:46:29.213" endtime="20241118 22:46:29.778"/>
</kw>
<status status="FAIL" starttime="20241118 22:46:27.713" endtime="20241118 22:46:29.778"/>
</suite>
<status status="FAIL" starttime="20241118 22:46:18.419" endtime="20241118 22:46:29.781"/>
</suite>
<status status="FAIL" starttime="20241118 22:46:18.401" endtime="20241118 22:46:29.783"/>
</suite>
<statistics>
<total>
<stat pass="2" fail="1" skip="0">All Tests</stat>
</total>
<tag>
</tag>
<suite>
<stat pass="2" fail="1" skip="0" id="s1" name="Src">Src</stat>
<stat pass="2" fail="1" skip="0" id="s1-s1" name="Tests">Src.Tests</stat>
<stat pass="2" fail="0" skip="0" id="s1-s1-s1" name="Increment">Src.Tests.Increment</stat>
<stat pass="0" fail="1" skip="0" id="s1-s1-s2" name="Reset">Src.Tests.Reset</stat>
</suite>
</statistics>
<errors>
</errors>
</robot>
